{"name": "test_create_valid_user", "status": "failed", "statusDetails": {"message": "AssertionError: Expected 201, got 400", "trace": "@allure.feature(\"Users\")\n    @allure.story(\"Create a valid user\")\n    @allure.severity(allure.severity_level.CRITICAL)\n    \n    def test_create_valid_user():\n        with allure.step(\"Creating user with valid credentials\"):\n            create_valid_user = CreateUser()\n            payload = valid_user\n            create_valid_user.new_user(payload)\n        with allure.step(\"Checking response status is 201 for a new user\"):\n>           create_valid_user.check_response_is_201(), \"Bad request or user exists\"\n\ntests/api/tests/test_full_cycle.py:44: \n_ _ _ _ _ _ _ _ _ _ _ _ _ _ _ _ _ _ _ _ _ _ _ _ _ _ _ _ _ _ _ _ _ _ _ _ _ _ _ _ _ _ _ _ _ _ _ _ _ _ _ _ _ _ _ _ _ _ _ _ _ _ _ _ _ _ _ _ _ _ _ _ _ _ _ _ _ _ _ _ _ _ _ _ _ _ _ _ _ _ \n\nself = <tests.api.endpoints.create_user.CreateUser object at 0x7ff74efd3df0>\n\n    def check_response_is_201(self):\n>       assert self.response.status_code == 201,\\\n            f'Expected 201, got {self.response.status_code}'\nE       AssertionError: Expected 201, got 400\n\ntests/api/endpoints/base_endpoint.py:11: AssertionError"}, "steps": [{"name": "Creating user with valid credentials", "status": "passed", "start": 1742322762120, "stop": 1742322762140}, {"name": "Checking response status is 201 for a new user", "status": "failed", "statusDetails": {"message": "AssertionError: Expected 201, got 400\n", "trace": "  File \"/app/tests/api/tests/test_full_cycle.py\", line 44, in test_create_valid_user\n    create_valid_user.check_response_is_201(), \"Bad request or user exists\"\n  File \"/app/tests/api/endpoints/base_endpoint.py\", line 11, in check_response_is_201\n    assert self.response.status_code == 201,\\\n"}, "start": 1742322762140, "stop": 1742322762140}], "start": 1742322762120, "stop": 1742322762162, "uuid": "319abed6-705c-4756-afd9-88910e316187", "historyId": "3119d38cdd34505dbe7efa4f1205fc50", "testCaseId": "3119d38cdd34505dbe7efa4f1205fc50", "fullName": "tests.api.tests.test_full_cycle#test_create_valid_user", "labels": [{"name": "story", "value": "Create a valid user"}, {"name": "feature", "value": "Users"}, {"name": "severity", "value": "critical"}, {"name": "parentSuite", "value": "tests.api.tests"}, {"name": "suite", "value": "test_full_cycle"}, {"name": "host", "value": "95859d3d48ae"}, {"name": "thread", "value": "18-MainThread"}, {"name": "framework", "value": "pytest"}, {"name": "language", "value": "cpython3"}, {"name": "package", "value": "tests.api.tests.test_full_cycle"}]}