{"name": "test_create_valid_user", "status": "failed", "statusDetails": {"message": "AssertionError: Expected 201, got 400", "trace": "@allure.feature(\"Users\")\n    @allure.story(\"Create a valid user\")\n    @allure.severity(allure.severity_level.CRITICAL)\n    \n    def test_create_valid_user():\n        with allure.step(\"Creating user with valid credentials\"):\n            create_valid_user = CreateUser()\n            payload = valid_user\n            create_valid_user.new_user(payload)\n        with allure.step(\"Checking response status is 201 for a new user\"):\n>           create_valid_user.check_response_is_201(), \"Bad request or user exists\"\n\ntests\\api\\tests\\test_full_cycle.py:45: \n_ _ _ _ _ _ _ _ _ _ _ _ _ _ _ _ _ _ _ _ _ _ _ _ _ _ _ _ _ _ _ _ _ _ _ _ _ _ _ _ _ _ _ _ _ _ _ _ _ _ _ _ _ _ _ _ _ _ _ _ _ _ _ _ _ _ _ _ _ _ _ _ _ _ _ _ _ _ _ _ _ _ _ _ _ _ _ _ _ \n\nself = <tests.api.endpoints.create_user.CreateUser object at 0x000001A9AB299220>\n\n    def check_response_is_201(self):\n>       assert self.response.status_code == 201,\\\n            f'Expected 201, got {self.response.status_code}'\nE       AssertionError: Expected 201, got 400\n\ntests\\api\\endpoints\\base_endpoint.py:12: AssertionError"}, "steps": [{"name": "Creating user with valid credentials", "status": "passed", "start": 1742635816032, "stop": 1742635816056}, {"name": "Checking response status is 201 for a new user", "status": "failed", "statusDetails": {"message": "AssertionError: Expected 201, got 400\n", "trace": "  File \"C:\\Users\\volch\\Desktop\\Diplom\\tests\\api\\tests\\test_full_cycle.py\", line 45, in test_create_valid_user\n    create_valid_user.check_response_is_201(), \"Bad request or user exists\"\n    ~~~~~~~~~~~~~~~~~~~~~~~~~~~~~~~~~~~~~~~^^\n  File \"C:\\Users\\volch\\Desktop\\Diplom\\tests\\api\\endpoints\\base_endpoint.py\", line 12, in check_response_is_201\n    assert self.response.status_code == 201,\\\n           ^^^^^^^^^^^^^^^^^^^^^^^^^^^^^^^^\n"}, "start": 1742635816056, "stop": 1742635816056}], "attachments": [{"name": "stdout", "source": "3ea8c8b5-d4cd-4e89-9439-074897a3885f-attachment.txt", "type": "text/plain"}], "start": 1742635816032, "stop": 1742635816058, "uuid": "02d871f7-16a1-4fa4-b822-07203b51c94a", "historyId": "3119d38cdd34505dbe7efa4f1205fc50", "testCaseId": "3119d38cdd34505dbe7efa4f1205fc50", "fullName": "tests.api.tests.test_full_cycle#test_create_valid_user", "labels": [{"name": "severity", "value": "critical"}, {"name": "story", "value": "Create a valid user"}, {"name": "feature", "value": "Users"}, {"name": "parentSuite", "value": "tests.api.tests"}, {"name": "suite", "value": "test_full_cycle"}, {"name": "host", "value": "Katie"}, {"name": "thread", "value": "2260-MainThread"}, {"name": "framework", "value": "pytest"}, {"name": "language", "value": "cpython3"}, {"name": "package", "value": "tests.api.tests.test_full_cycle"}]}